[FRONTEND] 
[FRONTEND] > frontend@0.0.0 dev
[FRONTEND] > vite
[FRONTEND] 
[FRONTEND] [2m10:43:41 AM[22m [33m[1m[vite][22m[39m [33mwarning: `esbuild` option was specified by "vite:react-babel" plugin. This option is deprecated, please use `oxc` instead.[39m
[FRONTEND] `optimizeDeps.rollupOptions` / `ssr.optimizeDeps.rollupOptions` is deprecated. Use `optimizeDeps.rolldownOptions` instead. Note that this option may be set by a plugin. Set VITE_DEPRECATION_TRACE=1 to see where it is called.
[FRONTEND] [vite:react-babel] We recommend switching to `@vitejs/plugin-react-oxc` for improved performance. More information at https://vite.dev/rolldown
[FRONTEND] 
[FRONTEND] [32m[1mVITE[22m v8.0.8[39m  [2mready in [0m[1m385[22m[2m[0m ms[22m
[FRONTEND] 
[FRONTEND] [32mâžś[39m  [1mLocal[22m:   [36mhttp://localhost:[1m3000[22m/[39m
[FRONTEND] [32mâžś[39m  [1mNetwork[22m: [36mhttp://169.254.29.191:[1m3000[22m/[39m
[FRONTEND] [32mâžś[39m  [1mNetwork[22m: [36mhttp://192.168.18.13:[1m3000[22m/[39m
[BACKEND] [OK] Surya OCR detected (Initialization deferred)
[BACKEND] [CACHE] Loaded 65 embeddings from cache.
[BACKEND] INFO:     Started server process [19188]
[BACKEND] INFO:     Waiting for application startup.
[BACKEND] 
[BACKEND] ==================================================
[BACKEND] LEXMIND MODULAR ENGINE INITIALIZED
[BACKEND] Start time: 2026-04-21 10:43:44
[BACKEND] ==================================================
[BACKEND] [STARTUP] Baza danych zainicjalizowana.
[BACKEND] [DEDUPE] 10:43:44 Analiza tabeli: knowledge_base_legal
[BACKEND] INFO:     Application startup complete.
[BACKEND] INFO:     Uvicorn running on http://127.0.0.1:8003 (Press CTRL+C to quit)
[BACKEND] [DEDUPE] 10:43:45 Request completed in 0.91s, status: 200
[BACKEND] [DEDUPE] 10:43:45 Analiza tabeli: knowledge_base_user
[BACKEND] [DEDUPE] 10:43:45 Request completed in 0.21s, status: 200
[BACKEND] [DEDUPE] Baza jest czysta.
[BACKEND] [STARTUP] Harmonogram indeksowania sprawdzony.
